<?xml version="1.0" encoding="UTF-8"?>
<!-- Generated by org.testng.reporters.JUnitReportReporter -->
<testsuite hostname="zini-Lenovo-G50-80" name="com.selenium.selenium3Demo.Selenium3DemoChromeTest" tests="1" failures="0" timestamp="13 Mar 2017 15:48:13 GMT" time="8.306" errors="0">
  <testcase name="chromeTest" time="8.306" classname="com.selenium.selenium3Demo.Selenium3DemoChromeTest"/>
</testsuite> <!-- com.selenium.selenium3Demo.Selenium3DemoChromeTest -->
