<?xml version="1.0" encoding="UTF-8"?>
<!-- Generated by org.testng.reporters.JUnitReportReporter -->
<testsuite hostname="zini-Lenovo-G50-80" name="com.selenium.selenium3Demo.Selenium3DemoTest" tests="1" failures="0" timestamp="13 Mar 2017 14:27:44 GMT" time="15.099" errors="0">
  <testcase name="seleniumTest" time="15.099" classname="com.selenium.selenium3Demo.Selenium3DemoTest"/>
</testsuite> <!-- com.selenium.selenium3Demo.Selenium3DemoTest -->
